Fri 16 Aug 2024 18:56:14 IDT

SLURM_JOBID:		 749229
SLURM_JOB_NODELIST:	 cs-cpu-01 


INFO:__main__:Running experiments for anomaly_conditions_high_branching_factor...
INFO:experiment_utils:--- Starting the Experiment ---
INFO:experiment_utils:Running with Depth range: range(2, 21) and Branching factors: [4, 5]
INFO:experiment_utils:------ Depth: 2 ------
INFO:experiment_utils:--------------------- Branching Factor: 4 ---------------------
INFO:experiment_utils:--------------------- Branching Factor: 5 ---------------------
INFO:experiment_utils:Results saved to results/anomaly_conditions_high_branching_factor_results.csv
INFO:experiment_utils:------ Depth: 3 ------
INFO:experiment_utils:--------------------- Branching Factor: 4 ---------------------
INFO:experiment_utils:--------------------- Branching Factor: 5 ---------------------
INFO:experiment_utils:Results saved to results/anomaly_conditions_high_branching_factor_results.csv
INFO:experiment_utils:------ Depth: 4 ------
INFO:experiment_utils:--------------------- Branching Factor: 4 ---------------------
INFO:experiment_utils:--------------------- Branching Factor: 5 ---------------------
INFO:experiment_utils:Results saved to results/anomaly_conditions_high_branching_factor_results.csv
INFO:experiment_utils:------ Depth: 5 ------
INFO:experiment_utils:--------------------- Branching Factor: 4 ---------------------
INFO:experiment_utils:--------------------- Branching Factor: 5 ---------------------
INFO:experiment_utils:Results saved to results/anomaly_conditions_high_branching_factor_results.csv
INFO:experiment_utils:------ Depth: 6 ------
INFO:experiment_utils:--------------------- Branching Factor: 4 ---------------------
INFO:experiment_utils:--------------------- Branching Factor: 5 ---------------------
INFO:experiment_utils:Results saved to results/anomaly_conditions_high_branching_factor_results.csv
INFO:experiment_utils:------ Depth: 7 ------
INFO:experiment_utils:--------------------- Branching Factor: 4 ---------------------
INFO:experiment_utils:--------------------- Branching Factor: 5 ---------------------
INFO:experiment_utils:Results saved to results/anomaly_conditions_high_branching_factor_results.csv
INFO:experiment_utils:------ Depth: 8 ------
INFO:experiment_utils:--------------------- Branching Factor: 4 ---------------------
INFO:experiment_utils:--------------------- Branching Factor: 5 ---------------------
INFO:experiment_utils:Results saved to results/anomaly_conditions_high_branching_factor_results.csv
INFO:experiment_utils:------ Depth: 9 ------
INFO:experiment_utils:--------------------- Branching Factor: 4 ---------------------
INFO:experiment_utils:--------------------- Branching Factor: 5 ---------------------
INFO:experiment_utils:Results saved to results/anomaly_conditions_high_branching_factor_results.csv
INFO:experiment_utils:------ Depth: 10 ------
INFO:experiment_utils:--------------------- Branching Factor: 4 ---------------------
INFO:experiment_utils:--------------------- Branching Factor: 5 ---------------------
INFO:experiment_utils:Results saved to results/anomaly_conditions_high_branching_factor_results.csv
INFO:experiment_utils:------ Depth: 11 ------
INFO:experiment_utils:--------------------- Branching Factor: 4 ---------------------
INFO:experiment_utils:--------------------- Branching Factor: 5 ---------------------
INFO:experiment_utils:Results saved to results/anomaly_conditions_high_branching_factor_results.csv
INFO:experiment_utils:------ Depth: 12 ------
INFO:experiment_utils:--------------------- Branching Factor: 4 ---------------------
INFO:experiment_utils:--------------------- Branching Factor: 5 ---------------------
ERROR:experiment_utils:An error occurred: disk I/O error
INFO:experiment_utils:Results saved to results/anomaly_conditions_high_branching_factor_results.csv
     2     3     4     5     6     7     8   ...   14   15   16   17   18   19   20
4  13.0  17.4  21.0  30.2  34.6  35.4  49.0  ...  NaN  NaN  NaN  NaN  NaN  NaN  NaN
5  17.5  23.0  25.5  33.0  36.0  46.5  53.0  ...  NaN  NaN  NaN  NaN  NaN  NaN  NaN

[2 rows x 19 columns]
